# JRE version: Java(TM) SE Runtime Environment (12.0.1+12) (build 12.0.1+12)
# Java VM: Java HotSpot(TM) 64-Bit Server VM (12.0.1+12, mixed mode, sharing, tiered, compressed oops, g1 gc, linux-amd64)
Heap:
 garbage-first heap   total 703488K, used 106720K [0x00000000c0000000, 0x0000000100000000)
  region size 1024K, 4 young (4096K), 4 survivors (4096K)
 Metaspace       used 42609K, capacity 44801K, committed 45056K, reserved 1089536K
  class space    used 4460K, capacity 5277K, committed 5376K, reserved 1048576K
GC Heap History (10 events):
Event: 36,874 GC heap after
{Heap after GC invocations=36 (full 0):
 garbage-first heap   total 457728K, used 91788K [0x00000000c0000000, 0x0000000100000000)
  region size 1024K, 4 young (4096K), 4 survivors (4096K)
 Metaspace       used 42609K, capacity 44801K, committed 45056K, reserved 1089536K
  class space    used 4460K, capacity 5277K, committed 5376K, reserved 1048576K
}
Event: 37,334 GC heap before
{Heap before GC invocations=36 (full 0):
 garbage-first heap   total 457728K, used 110220K [0x00000000c0000000, 0x0000000100000000)
  region size 1024K, 22 young (22528K), 4 survivors (4096K)
 Metaspace       used 42609K, capacity 44801K, committed 45056K, reserved 1089536K
  class space    used 4460K, capacity 5277K, committed 5376K, reserved 1048576K
}
Event: 37,466 GC heap after
{Heap after GC invocations=37 (full 0):
 garbage-first heap   total 576512K, used 94144K [0x00000000c0000000, 0x0000000100000000)
  region size 1024K, 3 young (3072K), 3 survivors (3072K)
 Metaspace       used 42609K, capacity 44801K, committed 45056K, reserved 1089536K
  class space    used 4460K, capacity 5277K, committed 5376K, reserved 1048576K
}
Event: 38,162 GC heap before
{Heap before GC invocations=37 (full 0):
 garbage-first heap   total 576512K, used 118720K [0x00000000c0000000, 0x0000000100000000)
  region size 1024K, 28 young (28672K), 3 survivors (3072K)
 Metaspace       used 42609K, capacity 44801K, committed 45056K, reserved 1089536K
  class space    used 4460K, capacity 5277K, committed 5376K, reserved 1048576K
}
Event: 38,308 GC heap after
{Heap after GC invocations=38 (full 0):
 garbage-first heap   total 576512K, used 96879K [0x00000000c0000000, 0x0000000100000000)
  region size 1024K, 4 young (4096K), 4 survivors (4096K)
 Metaspace       used 42609K, capacity 44801K, committed 45056K, reserved 1089536K
  class space    used 4460K, capacity 5277K, committed 5376K, reserved 1048576K
}
Event: 39,002 GC heap before
{Heap before GC invocations=38 (full 0):
 garbage-first heap   total 576512K, used 121455K [0x00000000c0000000, 0x0000000100000000)
  region size 1024K, 28 young (28672K), 4 survivors (4096K)
 Metaspace       used 42609K, capacity 44801K, committed 45056K, reserved 1089536K
  class space    used 4460K, capacity 5277K, committed 5376K, reserved 1048576K
}
Event: 39,140 GC heap after
{Heap after GC invocations=39 (full 0):
 garbage-first heap   total 576512K, used 99980K [0x00000000c0000000, 0x0000000100000000)
  region size 1024K, 3 young (3072K), 3 survivors (3072K)
 Metaspace       used 42609K, capacity 44801K, committed 45056K, reserved 1089536K
  class space    used 4460K, capacity 5277K, committed 5376K, reserved 1048576K
}
Event: 40,103 GC heap before
{Heap before GC invocations=39 (full 0):
 garbage-first heap   total 576512K, used 124556K [0x00000000c0000000, 0x0000000100000000)
  region size 1024K, 28 young (28672K), 3 survivors (3072K)
 Metaspace       used 42609K, capacity 44801K, committed 45056K, reserved 1089536K
  class space    used 4460K, capacity 5277K, committed 5376K, reserved 1048576K
}
Event: 40,604 GC heap after
{Heap after GC invocations=40 (full 0):
 garbage-first heap   total 576512K, used 103349K [0x00000000c0000000, 0x0000000100000000)
  region size 1024K, 4 young (4096K), 4 survivors (4096K)
 Metaspace       used 42609K, capacity 44801K, committed 45056K, reserved 1089536K
  class space    used 4460K, capacity 5277K, committed 5376K, reserved 1048576K
}
Event: 42,353 GC heap before
{Heap before GC invocations=40 (full 0):
 garbage-first heap   total 576512K, used 127925K [0x00000000c0000000, 0x0000000100000000)
  region size 1024K, 28 young (28672K), 4 survivors (4096K)
 Metaspace       used 42609K, capacity 44801K, committed 45056K, reserved 1089536K
  class space    used 4460K, capacity 5277K, committed 5376K, reserved 1048576K
}

